2025-04-04 09:28:31,247 - data_ingestion - ERROR - File not found: params.yaml
2025-04-04 09:28:31,248 - data_ingestion - ERROR - Failed to complete the data ingestion process: [Errno 2] No such file or directory: 'params.yaml'
2025-04-04 09:29:04,273 - data_ingestion - ERROR - File not found: params.yaml
2025-04-04 09:29:04,274 - data_ingestion - ERROR - Failed to complete the data ingestion process: [Errno 2] No such file or directory: 'params.yaml'
2025-04-04 09:30:22,908 - data_ingestion - DEBUG - Data loaded from https://raw.githubusercontent.com/vikashishere/Datasets/main/spam.csv
2025-04-04 09:30:22,911 - data_ingestion - DEBUG - Data preprocessing completed
2025-04-04 09:30:22,951 - data_ingestion - DEBUG - Train and test data saved to ./data\raw
2025-04-04 10:59:28,535 - data_ingestion - DEBUG - Data loaded from https://raw.githubusercontent.com/vikashishere/Datasets/main/spam.csv
2025-04-04 10:59:28,555 - data_ingestion - DEBUG - Data preprocessing completed
2025-04-04 10:59:28,667 - data_ingestion - DEBUG - Train and test data saved to ./data\raw
2025-04-04 11:02:03,882 - data_ingestion - DEBUG - Data loaded from https://raw.githubusercontent.com/vikashishere/Datasets/main/spam.csv
2025-04-04 11:02:03,884 - data_ingestion - DEBUG - Data preprocessing completed
2025-04-04 11:02:03,924 - data_ingestion - DEBUG - Train and test data saved to ./data\raw
2025-04-04 11:36:50,122 - data_ingestion - DEBUG - Data loaded from https://raw.githubusercontent.com/vikashishere/Datasets/main/spam.csv
2025-04-04 11:36:50,125 - data_ingestion - DEBUG - Data preprocessing completed
2025-04-04 11:36:50,165 - data_ingestion - DEBUG - Train and test data saved to ./data\raw
2025-04-04 11:37:07,649 - data_ingestion - DEBUG - Data loaded from https://raw.githubusercontent.com/vikashishere/Datasets/main/spam.csv
2025-04-04 11:37:07,652 - data_ingestion - DEBUG - Data preprocessing completed
2025-04-04 11:37:07,691 - data_ingestion - DEBUG - Train and test data saved to ./data\raw
2025-04-04 12:17:25,818 - data_ingestion - DEBUG - Parameters retrieved from params.yaml
2025-04-04 12:17:28,214 - data_ingestion - DEBUG - Data loaded from https://raw.githubusercontent.com/vikashishere/Datasets/main/spam.csv
2025-04-04 12:17:28,218 - data_ingestion - DEBUG - Data preprocessing completed
2025-04-04 12:17:28,291 - data_ingestion - DEBUG - Train and test data saved to ./data\raw
2025-04-04 12:21:41,522 - data_ingestion - DEBUG - Parameters retrieved from params.yaml
2025-04-04 12:21:43,615 - data_ingestion - DEBUG - Data loaded from https://raw.githubusercontent.com/vikashishere/Datasets/main/spam.csv
2025-04-04 12:21:43,618 - data_ingestion - DEBUG - Data preprocessing completed
2025-04-04 12:21:43,729 - data_ingestion - DEBUG - Train and test data saved to ./data\raw
2025-04-04 12:31:53,494 - data_ingestion - DEBUG - Parameters retrieved from params.yaml
2025-04-04 12:31:55,775 - data_ingestion - DEBUG - Data loaded from https://raw.githubusercontent.com/vikashishere/Datasets/main/spam.csv
2025-04-04 12:31:55,788 - data_ingestion - DEBUG - Data preprocessing completed
2025-04-04 12:31:55,910 - data_ingestion - DEBUG - Train and test data saved to ./data\raw
2025-04-04 12:34:56,236 - data_ingestion - DEBUG - Parameters retrieved from params.yaml
2025-04-04 12:34:58,228 - data_ingestion - DEBUG - Data loaded from https://raw.githubusercontent.com/vikashishere/Datasets/main/spam.csv
2025-04-04 12:34:58,236 - data_ingestion - DEBUG - Data preprocessing completed
2025-04-04 12:34:58,341 - data_ingestion - DEBUG - Train and test data saved to ./data\raw
