2025-04-04 10:03:59,993 - model_building - DEBUG - Data loaded from ./data/processed/train_tfidf.csv with shape (4152, 51)
2025-04-04 10:03:59,996 - model_building - DEBUG - Initializing RandomForest model with n_estimators=100, random_state=42
2025-04-04 10:03:59,997 - model_building - DEBUG - Model training started with 4152 samples
2025-04-04 10:04:00,743 - model_building - DEBUG - Model training completed
2025-04-04 10:04:00,757 - model_building - DEBUG - Model saved to models/model.pkl
2025-04-04 10:11:47,662 - model_building - DEBUG - Data loaded from ./data/processed/train_tfidf.csv with shape (4152, 51)
2025-04-04 10:11:47,667 - model_building - DEBUG - Initializing RandomForest model with n_estimators=100, random_state=42
2025-04-04 10:11:47,669 - model_building - DEBUG - Model training started with 4152 samples
2025-04-04 10:11:48,355 - model_building - DEBUG - Model training completed
2025-04-04 10:11:48,365 - model_building - DEBUG - Model saved to models/model.pkl
2025-04-04 10:12:08,715 - model_building - DEBUG - Data loaded from ./data/processed/train_tfidf.csv with shape (4152, 51)
2025-04-04 10:12:08,717 - model_building - DEBUG - Initializing RandomForest model with n_estimators=100, random_state=42
2025-04-04 10:12:08,717 - model_building - DEBUG - Model training started with 4152 samples
2025-04-04 10:12:09,391 - model_building - DEBUG - Model training completed
2025-04-04 10:12:09,402 - model_building - DEBUG - Model saved to models/model.pkl
2025-04-04 11:38:57,207 - model_building - DEBUG - Data loaded from ./data/processed/train_tfidf.csv with shape (4103, 51)
2025-04-04 11:38:57,210 - model_building - DEBUG - Initializing RandomForest model with n_estimators=100, random_state=42
2025-04-04 11:38:57,212 - model_building - DEBUG - Model training started with 4103 samples
2025-04-04 11:38:57,942 - model_building - DEBUG - Model training completed
2025-04-04 11:38:57,961 - model_building - DEBUG - Model saved to models/model.pkl
2025-04-04 11:39:12,627 - model_building - DEBUG - Data loaded from ./data/processed/train_tfidf.csv with shape (4103, 51)
2025-04-04 11:39:12,629 - model_building - DEBUG - Initializing RandomForest model with n_estimators=100, random_state=42
2025-04-04 11:39:12,630 - model_building - DEBUG - Model training started with 4103 samples
2025-04-04 11:39:13,369 - model_building - DEBUG - Model training completed
2025-04-04 11:39:13,384 - model_building - DEBUG - Model saved to models/model.pkl
2025-04-04 12:19:21,917 - model_building - DEBUG - Parameters retrieved from params.yaml
2025-04-04 12:19:21,967 - model_building - DEBUG - Data loaded from ./data/processed/train_tfidf.csv with shape (4152, 36)
2025-04-04 12:19:21,970 - model_building - DEBUG - Initializing RandomForest model with parameters: {'n_estimators': 22, 'random_state': 2}
2025-04-04 12:19:21,971 - model_building - DEBUG - Model training started with 4152 samples
2025-04-04 12:19:22,206 - model_building - DEBUG - Model training completed
2025-04-04 12:19:22,211 - model_building - DEBUG - Model saved to models/model.pkl
2025-04-04 12:23:07,851 - model_building - DEBUG - Parameters retrieved from params.yaml
2025-04-04 12:23:07,907 - model_building - DEBUG - Data loaded from ./data/processed/train_tfidf.csv with shape (4413, 46)
2025-04-04 12:23:07,909 - model_building - DEBUG - Initializing RandomForest model with parameters: {'n_estimators': 20, 'random_state': 2}
2025-04-04 12:23:07,910 - model_building - DEBUG - Model training started with 4413 samples
2025-04-04 12:23:08,222 - model_building - DEBUG - Model training completed
2025-04-04 12:23:08,229 - model_building - DEBUG - Model saved to models/model.pkl
2025-04-04 12:33:07,817 - model_building - DEBUG - Parameters retrieved from params.yaml
2025-04-04 12:33:07,927 - model_building - DEBUG - Data loaded from ./data/processed/train_tfidf.csv with shape (3654, 61)
2025-04-04 12:33:07,930 - model_building - DEBUG - Initializing RandomForest model with parameters: {'n_estimators': 15, 'random_state': 20}
2025-04-04 12:33:07,931 - model_building - DEBUG - Model training started with 3654 samples
2025-04-04 12:33:08,270 - model_building - DEBUG - Model training completed
2025-04-04 12:33:08,277 - model_building - DEBUG - Model saved to models/model.pkl
2025-04-04 12:36:03,889 - model_building - DEBUG - Parameters retrieved from params.yaml
2025-04-04 12:36:03,976 - model_building - DEBUG - Data loaded from ./data/processed/train_tfidf.csv with shape (4670, 63)
2025-04-04 12:36:03,981 - model_building - DEBUG - Initializing RandomForest model with parameters: {'n_estimators': 30, 'random_state': 25}
2025-04-04 12:36:03,984 - model_building - DEBUG - Model training started with 4670 samples
2025-04-04 12:36:04,595 - model_building - DEBUG - Model training completed
2025-04-04 12:36:04,607 - model_building - DEBUG - Model saved to models/model.pkl
2025-04-04 13:07:09,495 - model_building - DEBUG - Parameters retrieved from params.yaml
2025-04-04 13:07:09,562 - model_building - DEBUG - Data loaded from ./data/processed/train_tfidf.csv with shape (3654, 51)
2025-04-04 13:07:09,566 - model_building - DEBUG - Initializing RandomForest model with parameters: {'n_estimators': 25, 'random_state': 2}
2025-04-04 13:07:09,567 - model_building - DEBUG - Model training started with 3654 samples
2025-04-04 13:07:09,769 - model_building - DEBUG - Model training completed
2025-04-04 13:07:09,773 - model_building - DEBUG - Model saved to models/model.pkl
